<?xml version="1.0" encoding="UTF-8"?>
<testng-results ignored="0" total="2" passed="2" failed="0" skipped="0">
  <reporter-output>
  </reporter-output>
  <suite started-at="2023-09-16T19:07:10 IST" name="Default suite" finished-at="2023-09-16T19:07:27 IST" duration-ms="16909">
    <groups>
    </groups>
    <test started-at="2023-09-16T19:07:10 IST" name="Default test" finished-at="2023-09-16T19:07:27 IST" duration-ms="16909">
      <class name="sep11.Advance_Report">
        <test-method is-config="true" signature="generateReort()[pri:0, instance:sep11.Advance_Report@2b30a42c]" started-at="2023-09-16T19:07:10 IST" name="generateReort" finished-at="2023-09-16T19:07:10 IST" duration-ms="112" status="PASS">
          <reporter-output>
          </reporter-output>
        </test-method> <!-- generateReort -->
        <test-method is-config="true" signature="setUp()[pri:0, instance:sep11.Advance_Report@2b30a42c]" started-at="2023-09-16T19:07:10 IST" name="setUp" finished-at="2023-09-16T19:07:18 IST" duration-ms="7608" status="PASS">
          <reporter-output>
          </reporter-output>
        </test-method> <!-- setUp -->
        <test-method signature="failTest()[pri:0, instance:sep11.Advance_Report@2b30a42c]" started-at="2023-09-16T19:07:18 IST" name="failTest" finished-at="2023-09-16T19:07:18 IST" duration-ms="30" status="PASS">
          <reporter-output>
          </reporter-output>
        </test-method> <!-- failTest -->
        <test-method is-config="true" signature="tearDown()[pri:0, instance:sep11.Advance_Report@2b30a42c]" started-at="2023-09-16T19:07:18 IST" name="tearDown" finished-at="2023-09-16T19:07:19 IST" duration-ms="1360" status="PASS">
          <reporter-output>
          </reporter-output>
        </test-method> <!-- tearDown -->
        <test-method is-config="true" signature="setUp()[pri:0, instance:sep11.Advance_Report@2b30a42c]" started-at="2023-09-16T19:07:19 IST" name="setUp" finished-at="2023-09-16T19:07:26 IST" duration-ms="6189" status="PASS">
          <reporter-output>
          </reporter-output>
        </test-method> <!-- setUp -->
        <test-method signature="passTest()[pri:0, instance:sep11.Advance_Report@2b30a42c]" started-at="2023-09-16T19:07:26 IST" name="passTest" finished-at="2023-09-16T19:07:26 IST" duration-ms="17" status="PASS">
          <reporter-output>
          </reporter-output>
        </test-method> <!-- passTest -->
        <test-method is-config="true" signature="tearDown()[pri:0, instance:sep11.Advance_Report@2b30a42c]" started-at="2023-09-16T19:07:26 IST" name="tearDown" finished-at="2023-09-16T19:07:27 IST" duration-ms="1560" status="PASS">
          <reporter-output>
          </reporter-output>
        </test-method> <!-- tearDown -->
      </class> <!-- sep11.Advance_Report -->
    </test> <!-- Default test -->
  </suite> <!-- Default suite -->
</testng-results>
